Geração, Best Fitness, Média, Mediana, Desvio Padrão
0,0.06628883195315002,0.009024568788031295,0.025357722926293635,0.02086779175529406
1,0.06628883195315002,0.009098915679187445,0.027793155510820337,0.020955818658468923
2,0.06628883195315002,0.008904469963855972,0.026531260008235347,0.022700813989002436
3,0.06628883195315002,0.008852999039209407,0.0275112092235897,0.02375402538585501
4,0.06628883195315002,0.009098915679187445,0.028586379649540195,0.02445376129279156
5,0.06628883195315002,0.009344832319165485,0.03255678958686005,0.021224342644850038
6,0.06628883195315002,0.008921626938738162,0.022824495584938462,0.020208919277565823
7,0.06628883195315002,0.00904744475454088,0.026320515166765795,0.02101441135772725
8,0.06628883195315002,0.009138948620579219,0.026896989522807335,0.023307952333951824
9,0.06628883195315002,0.00893878391362035,0.027313046163700415,0.021432723963108354
10,0.06628883195315002,0.0093219563526559,0.02562308413780482,0.021493027585391247
11,0.06628883195315002,0.009344832319165485,0.02098498192798646,0.019404924849499013
12,0.06628883195315002,0.009081758704305257,0.030098766985405135,0.022572669305587954
13,0.06651187262661848,0.00893878391362035,0.025953355904286955,0.021924538906641675
14,0.06651187262661848,0.008881593997346388,0.030334103490872483,0.021536435649623282
15,0.06651187262661848,0.009007411813149105,0.02378700187582925,0.02138950081153474
16,0.06651187262661848,0.008887312988973784,0.02837849430388434,0.021252257001226443
17,0.06651187262661848,0.009036006771286086,0.02771023013222308,0.021796639149105856
18,0.06651187262661848,0.008898750972228576,0.027974161595827423,0.021465274469703265
19,0.06651187262661848,0.00907603971267786,0.028175470101111773,0.021368868783234927
20,0.06651187262661848,0.009173262570343597,0.029936919522349816,0.021956622044717027
21,0.06651187262661848,0.009018849796403898,0.027390824449833005,0.022646188341026417
22,0.06651187262661848,0.008921626938738162,0.02257657729789083,0.019796563097354274
23,0.06651187262661848,0.009036006771286086,0.031022098183648254,0.023715019986943288
24,0.06651187262661848,0.00907603971267786,0.028496877430571443,0.02244950337463379
25,0.06651187262661848,0.008858718030836803,0.025474104405911146,0.02252493996226454
26,0.06651187262661848,0.00893878391362035,0.03441746351283341,0.024883260928859636
27,0.06651187262661848,0.009098915679187445,0.023875360296472525,0.0214631594857346
28,0.06651187262661848,0.008875875005718991,0.02842396028732213,0.02301252447164965
29,0.06651187262661848,0.008852999039209407,0.02461882920803404,0.02220027690459017
30,0.06651187262661848,0.008881593997346388,0.02496425630232877,0.02219267933831078
31,0.06651187262661848,0.008910188955483369,0.02348646886580958,0.02012911313712949
32,0.06651187262661848,0.008870156014091595,0.027667909594180362,0.021757875491143875
33,0.06651187262661848,0.009127510637324428,0.030355549709475228,0.02181940998670038
34,0.06651187262661848,0.009138948620579219,0.028538912019032796,0.021049480005171338
35,0.06651187262661848,0.008910188955483369,0.023495047353250677,0.019292075693946236
36,0.06651187262661848,0.009081758704305257,0.02973246557167041,0.024241961736840553
37,0.06651187262661848,0.008881593997346388,0.02494023653749371,0.0213231568985123
38,0.06651187262661848,0.008898750972228576,0.0279572905705266,0.021572020915699236
39,0.06651187262661848,0.008881593997346388,0.022783032895639842,0.021355373534383704
40,0.06651187262661848,0.009110353662442238,0.0289538248616004,0.021451597659671327
41,0.06651187262661848,0.010408564761861189,0.02820663860548108,0.021001993346330326
42,0.06651187262661848,0.00909319668756005,0.026931875371734453,0.021218847682252573
43,0.06651187262661848,0.008870156014091595,0.024746648670906347,0.02327218068903512
44,0.06651187262661848,0.00884728004758201,0.02741856155922588,0.022852926321841188
45,0.06651187262661848,0.008933064921992953,0.03250617651095759,0.024615479507345203
46,0.06651187262661848,0.009144667612206616,0.029324129569474316,0.023460268732993166
47,0.06651187262661848,0.008870156014091595,0.025634236171478243,0.022180916716911456
48,0.06651187262661848,0.009247609461499749,0.029103662442238186,0.020426387860641715
49,0.06651187262661848,0.008990254838266917,0.029431074712906614,0.021599318906203206
50,0.06651187262661848,0.00903028777965869,0.03351357688612344,0.025546295659447417
51,0.06651187262661848,0.008904469963855972,0.025985668206981744,0.021820555822107335
52,0.06651187262661848,0.008978816855012124,0.02357568513519696,0.020542126764312253
53,0.06651187262661848,0.009064601729423067,0.025291096673834466,0.021800366937500912
54,0.06651187262661848,0.008875875005718991,0.02515412682435833,0.022439274787333846
55,0.06651187262661848,0.008950221896875143,0.02261317884430617,0.02005666878736244
56,0.06651187262661848,0.008893031980601181,0.02472577435146635,0.022947518540131547
57,0.06651187262661848,0.009121791645697031,0.028306149059797774,0.022274188368337014
58,0.06651187262661848,0.00930479937777371,0.027127178935810042,0.021841560941485774
59,0.06651187262661848,0.008881593997346388,0.03138696984947614,0.02040242328608555
60,0.06651187262661848,0.009081758704305257,0.020012467401747724,0.019975470930079352
61,0.06651187262661848,0.008893031980601181,0.03129460813469369,0.022751576346438564
62,0.06651187262661848,0.009236171478244955,0.02428398224824999,0.021644403828589204
63,0.06651187262661848,0.009156105595461409,0.028348755547421882,0.021711354216525765
64,0.06651187262661848,0.008887312988973784,0.03664958594500618,0.021785421952830845
65,0.06651187262661848,0.009110353662442238,0.031065562520016472,0.023249630710812444
66,0.06651187262661848,0.009098915679187445,0.02775026307361486,0.024611798980976936
67,0.06651187262661848,0.008898750972228576,0.028124571075627946,0.024347774840320805
68,0.06651187262661848,0.008978816855012124,0.02649036921809947,0.022055231707657167
69,0.06651187262661848,0.008893031980601181,0.027241844717939334,0.02249814543878634
70,0.06651187262661848,0.009110353662442238,0.03700616507297433,0.025192933181050085
71,0.06651187262661848,0.008990254838266917,0.029630953470284115,0.023020965256560468
72,0.06651187262661848,0.0088644370224642,0.02644890652880084,0.023538940115081106
73,0.06651187262661848,0.0088644370224642,0.025845552912110537,0.02157959167515869
74,0.06651187262661848,0.009424898201949033,0.029258361165759257,0.021568298130164615
75,0.06657478153451983,0.008875875005718991,0.03422873678912934,0.023669041133518
76,0.06657478153451983,0.008927345930365559,0.02753808848423846,0.021532575945915195
77,0.06657478153451983,0.008927345930365559,0.021089067575605067,0.020392153879381106
78,0.06657478153451983,0.008858718030836803,0.029012444525781212,0.02202073252629853
79,0.06657478153451983,0.009127510637324428,0.03137982110994189,0.022961094044870903
80,0.06657478153451983,0.00893878391362035,0.028294711076542984,0.023222721121584623
81,0.06657478153451983,0.009636500892162694,0.027527508349727774,0.021975900194267834
82,0.06657478153451983,0.0088644370224642,0.030609472937731624,0.021820577481224172
83,0.06657478153451983,0.008915907947110766,0.03143243583291394,0.023503011988210875
84,0.06657478153451983,0.008898750972228576,0.026665656311479158,0.022701122457776883
85,0.06657478153451983,0.009087477695932654,0.025376595598664037,0.02206720996195328
86,0.06657478153451983,0.008870156014091595,0.02599996568605023,0.022630696399456834
87,0.06657478153451983,0.008915907947110766,0.026870682161321317,0.021250706436460785
88,0.06657478153451983,0.009156105595461409,0.03184706272590017,0.023156853755327698
89,0.06657478153451983,0.008921626938738162,0.02548897378414238,0.023807026898633458
90,0.06657478153451983,0.008967378871757331,0.029933488127373387,0.022851759684882428
91,0.06657478153451983,0.008910188955483369,0.028245527748547373,0.0199777952443899
92,0.06657478153451983,0.008881593997346388,0.02711688475088072,0.022288037299976065
93,0.06657478153451983,0.00907603971267786,0.02543979045614677,0.021710762902296517
94,0.06657478153451983,0.009001692821521709,0.02540404675847554,0.021826175274896557
95,0.06657478153451983,0.00907603971267786,0.024575364871665825,0.021661920643875746
96,0.06657478153451983,0.009196138536853181,0.032483586494029375,0.021705666432313774
97,0.06657478153451983,0.008927345930365559,0.024302568971039024,0.02199860613143028
98,0.06657478153451983,0.009150386603834012,0.023252276158667703,0.019139021955514587
99,0.06657478153451983,0.008893031980601181,0.03175184151530401,0.022878994872638544
100,0.06657478153451983,0.008950221896875143,0.028003614402708522,0.021953377959057576
